<?xml version="1.0" encoding="UTF-8" standalone="no"?>
<testsuite failures="0" name="cucumber.runtime.formatter.JUnitFormatter" skipped="0" tests="3" time="0.507226">
<testcase classname="Mantenimiento de Proveedores" name="Registrar Proveedor" time="0.504394">
<system-out><![CDATA[Given despues de iniciar sesion en la aplicacion............................passed
When hago clic en el enlace de Proveedores..................................passed
And luego hago clic en el boton de Crear Proveedor..........................passed
And en la nueva pantalla escribo en el campo Nombre el valor de "Samsung"...passed
And en la nueva pantalla escribo en el campo Numero Telefonico el valor de "123456789".passed
And en la nueva pantalla selecciono "Bolivianos" en el campo tipo de Pago...passed
And en la nueva pantalla hago clic en el checbox Tiene Deuda................passed
And presiono el boton de Guardar............................................passed
Then el sistema me mostrara el mensaje de "Proveedor creado con éxito!".....passed
]]></system-out>
</testcase>
<testcase classname="Mantenimiento de Proveedores" name="Eliminar Proveedor" time="0.001724">
<system-out><![CDATA[Given despues de iniciar sesion en la aplicacion............................passed
When hago clic en el enlace de Proveedores..................................passed
And busco el proveedor "Samsung" para seleccionarlo de la tabla de Proveedores.passed
And hago clic en el boton de Eliminar.......................................passed
Then el sistema me mostrara el mensaje "Proveedor eliminado con éxito"......passed
]]></system-out>
</testcase>
<testcase classname="Mantenimiento de Proveedores" name="Actualizar Proveedor" time="0.001108">
<system-out><![CDATA[Given despues de iniciar sesion en la aplicacion............................passed
When hago clic en el enlace de Proveedores..................................passed
And busco el proveedor "Samsung" para seleccionarla de la tabla de Proveedores.passed
And hago clic en el boton de Editar.........................................passed
And en la nueva pantalla escribo el nombre de "Coca Cola"...................passed
And presiono el boton de Guardar............................................passed
Then el sistema me mostrara el mensaje de "Proveedor creado con éxito!".....passed
]]></system-out>
</testcase>
</testsuite>
